<?xml version="1.0" encoding="UTF-8"?>
<testng-results ignored="0" total="1" passed="1" failed="0" skipped="0">
  <reporter-output>
  </reporter-output>
  <suite started-at="2025-05-15T16:48:27 IST" name="Default suite" finished-at="2025-05-15T16:48:41 IST" duration-ms="13917">
    <groups>
    </groups>
    <test started-at="2025-05-15T16:48:27 IST" name="Default test" finished-at="2025-05-15T16:48:41 IST" duration-ms="13917">
      <class name="testCase.Dropdown">
        <test-method signature="setup()[pri:0, instance:testCase.Dropdown@14cd1699]" started-at="2025-05-15T16:48:27 IST" name="setup" finished-at="2025-05-15T16:48:41 IST" duration-ms="13820" status="PASS">
          <reporter-output>
          </reporter-output>
        </test-method> <!-- setup -->
      </class> <!-- testCase.Dropdown -->
    </test> <!-- Default test -->
  </suite> <!-- Default suite -->
</testng-results>
